  [1m[35m (3.3ms)[0m  [1m[35mCREATE DATABASE "app_development" ENCODING = 'unicode'[0m
  [1m[35m (0.6ms)[0m  [1m[35mCREATE DATABASE "app_test" ENCODING = 'unicode'[0m
  [1m[35m (41.4ms)[0m  [1m[34mSELECT pg_try_advisory_lock(5277929974492897470)[0m
  [1m[35m (2.2ms)[0m  [1m[34mSELECT "schema_migrations"."version" FROM "schema_migrations" ORDER BY "schema_migrations"."version" ASC[0m
  [1m[36mActiveRecord::InternalMetadata Load (40.6ms)[0m  [1m[34mSELECT "ar_internal_metadata".* FROM "ar_internal_metadata" WHERE "ar_internal_metadata"."key" = $1 LIMIT $2[0m  [["key", "environment"], ["LIMIT", 1]]
  [1m[35m (0.3ms)[0m  [1m[34mSELECT pg_advisory_unlock(5277929974492897470)[0m
  [1m[35m (0.6ms)[0m  [1m[34mSELECT "schema_migrations"."version" FROM "schema_migrations" ORDER BY "schema_migrations"."version" ASC[0m
  [1m[35m (0.6ms)[0m  [1m[34mSELECT "schema_migrations"."version" FROM "schema_migrations" ORDER BY "schema_migrations"."version" ASC[0m
  [1m[35m (0.2ms)[0m  [1m[35mBEGIN[0m
  [1m[36mCourse Create (48.1ms)[0m  [1m[32mINSERT INTO "courses" ("title", "description", "created_at", "updated_at") VALUES ($1, $2, $3, $4) RETURNING "id"[0m  [["title", "Hello world"], ["description", "Create a react ap with ruby on rails"], ["created_at", "2020-10-29 15:23:44.241312"], ["updated_at", "2020-10-29 15:23:44.241312"]]
  [1m[35m (1.2ms)[0m  [1m[35mCOMMIT[0m
  [1m[35m (0.2ms)[0m  [1m[35mBEGIN[0m
  [1m[36mSectionn Create (46.9ms)[0m  [1m[32mINSERT INTO "sectionns" ("title", "course_id", "created_at", "updated_at") VALUES ($1, $2, $3, $4) RETURNING "id"[0m  [["title", "Chapter 1"], ["course_id", 1], ["created_at", "2020-10-29 15:23:44.332072"], ["updated_at", "2020-10-29 15:23:44.332072"]]
  [1m[35m (0.4ms)[0m  [1m[35mCOMMIT[0m
  [1m[35m (0.2ms)[0m  [1m[35mBEGIN[0m
  [1m[36mEpisode Create (29.7ms)[0m  [1m[32mINSERT INTO "episodes" ("title", "description", "url", "sectionn_id", "created_at", "updated_at") VALUES ($1, $2, $3, $4, $5, $6) RETURNING "id"[0m  [["title", "1. Setup up new ruby on rails project"], ["description", "Lorem ipusm"], ["url", "https://www.youtube.com/embed/HrF8Op5MiTc"], ["sectionn_id", 1], ["created_at", "2020-10-29 15:23:44.395621"], ["updated_at", "2020-10-29 15:23:44.395621"]]
  [1m[35m (0.4ms)[0m  [1m[35mCOMMIT[0m
  [1m[35m (0.2ms)[0m  [1m[35mBEGIN[0m
  [1m[36mEpisode Create (0.4ms)[0m  [1m[32mINSERT INTO "episodes" ("title", "description", "url", "sectionn_id", "created_at", "updated_at") VALUES ($1, $2, $3, $4, $5, $6) RETURNING "id"[0m  [["title", "2. Scaffold first medels"], ["description", "Lorem ipusm"], ["url", "https://www.youtube.com/embed/HrF8Op5MiTc"], ["sectionn_id", 1], ["created_at", "2020-10-29 15:23:44.429996"], ["updated_at", "2020-10-29 15:23:44.429996"]]
  [1m[35m (0.4ms)[0m  [1m[35mCOMMIT[0m
  [1m[35m (0.2ms)[0m  [1m[35mBEGIN[0m
  [1m[36mEpisode Create (0.4ms)[0m  [1m[32mINSERT INTO "episodes" ("title", "description", "url", "sectionn_id", "created_at", "updated_at") VALUES ($1, $2, $3, $4, $5, $6) RETURNING "id"[0m  [["title", "3. Style views"], ["description", "Lorem ipusm"], ["url", "https://www.youtube.com/embed/HrF8Op5MiTc"], ["sectionn_id", 1], ["created_at", "2020-10-29 15:23:44.434803"], ["updated_at", "2020-10-29 15:23:44.434803"]]
  [1m[35m (0.4ms)[0m  [1m[35mCOMMIT[0m
  [1m[35m (0.2ms)[0m  [1m[35mBEGIN[0m
  [1m[36mEpisode Create (0.4ms)[0m  [1m[32mINSERT INTO "episodes" ("title", "description", "url", "sectionn_id", "created_at", "updated_at") VALUES ($1, $2, $3, $4, $5, $6) RETURNING "id"[0m  [["title", "4. Deploy to heroku"], ["description", "Lorem ipusm"], ["url", "https://www.youtube.com/embed/HrF8Op5MiTc"], ["sectionn_id", 1], ["created_at", "2020-10-29 15:23:44.439546"], ["updated_at", "2020-10-29 15:23:44.439546"]]
  [1m[35m (0.4ms)[0m  [1m[35mCOMMIT[0m
  [1m[36mCourse Load (0.4ms)[0m  [1m[34mSELECT "courses".* FROM "courses" LIMIT $1[0m  [["LIMIT", 11]]
  [1m[36mEpisode Load (0.5ms)[0m  [1m[34mSELECT "episodes".* FROM "episodes" LIMIT $1[0m  [["LIMIT", 11]]
  [1m[36mEpisode Load (0.4ms)[0m  [1m[34mSELECT "episodes".* FROM "episodes"[0m
  [1m[36mSectionn Load (0.9ms)[0m  [1m[34mSELECT "sectionns".* FROM "sectionns"[0m
Started GET "/" for ::1 at 2020-10-29 17:25:45 +0200
  [1m[35m (0.8ms)[0m  [1m[34mSELECT "schema_migrations"."version" FROM "schema_migrations" ORDER BY "schema_migrations"."version" ASC[0m
Processing by PagesController#index as HTML
  Rendering pages/index.html.erb within layouts/application
  Rendered pages/index.html.erb within layouts/application (Duration: 6.8ms | Allocations: 1365)
Completed 200 OK in 46ms (Views: 35.7ms | ActiveRecord: 0.0ms | Allocations: 4950)


Started GET "/episodes.json" for ::1 at 2020-10-29 17:25:46 +0200
Processing by PagesController#episodes as JSON
  [1m[36mCourse Load (0.7ms)[0m  [1m[34mSELECT "courses".* FROM "courses" ORDER BY "courses"."id" ASC LIMIT $1[0m  [["LIMIT", 1]]
  ↳ app/controllers/pages_controller.rb:6:in `episodes'
  [1m[36mEpisode Load (1.5ms)[0m  [1m[34mSELECT "episodes".* FROM "episodes" INNER JOIN "sectionns" ON "episodes"."sectionn_id" = "sectionns"."id" WHERE "sectionns"."course_id" = $1[0m  [["course_id", 1]]
  ↳ app/controllers/pages_controller.rb:8:in `episodes'
Completed 200 OK in 211ms (Views: 40.9ms | ActiveRecord: 54.4ms | Allocations: 19823)


  [1m[35m (40.4ms)[0m  [1m[34mSELECT "schema_migrations"."version" FROM "schema_migrations" ORDER BY "schema_migrations"."version" ASC[0m
  [1m[35m (0.4ms)[0m  [1m[34mSELECT "ar_internal_metadata"."value" FROM "ar_internal_metadata" WHERE "ar_internal_metadata"."key" = $1[0m  [["key", "environment"]]
  [1m[35m (0.2ms)[0m  [1m[34mSELECT "schema_migrations"."version" FROM "schema_migrations" ORDER BY "schema_migrations"."version" ASC[0m
  [1m[35m (0.2ms)[0m  [1m[34mSELECT "ar_internal_metadata"."value" FROM "ar_internal_metadata" WHERE "ar_internal_metadata"."key" = $1[0m  [["key", "environment"]]
  [1m[35m (0.2ms)[0m  [1m[34mSELECT "schema_migrations"."version" FROM "schema_migrations" ORDER BY "schema_migrations"."version" ASC[0m
  [1m[35m (0.2ms)[0m  [1m[34mSELECT "ar_internal_metadata"."value" FROM "ar_internal_metadata" WHERE "ar_internal_metadata"."key" = $1[0m  [["key", "environment"]]
  [1m[35m (60.1ms)[0m  [1m[35mDROP DATABASE IF EXISTS "app_development"[0m
  [1m[35m (43.9ms)[0m  [1m[35mDROP DATABASE IF EXISTS "app_test"[0m
  [1m[35m (236.9ms)[0m  [1m[35mCREATE DATABASE "app_development" ENCODING = 'unicode'[0m
  [1m[35m (119.8ms)[0m  [1m[35mCREATE DATABASE "app_test" ENCODING = 'unicode'[0m
  [1m[35mSQL (2.7ms)[0m  [1m[35mCREATE EXTENSION IF NOT EXISTS "plpgsql"[0m
  [1m[35m (41.1ms)[0m  [1m[35mDROP TABLE IF EXISTS "courses" CASCADE[0m
  [1m[35m (15.8ms)[0m  [1m[35mCREATE TABLE "courses" ("id" bigserial primary key, "title" character varying, "description" character varying, "created_at" timestamp(6) NOT NULL, "updated_at" timestamp(6) NOT NULL)[0m
  [1m[35m (0.5ms)[0m  [1m[35mDROP TABLE IF EXISTS "episodes" CASCADE[0m
  [1m[35m (3.7ms)[0m  [1m[35mCREATE TABLE "episodes" ("id" bigserial primary key, "title" character varying, "description" character varying, "url" character varying, "sectionn_id" bigint NOT NULL, "created_at" timestamp(6) NOT NULL, "updated_at" timestamp(6) NOT NULL)[0m
  [1m[35m (1.3ms)[0m  [1m[35mCREATE  INDEX  "index_episodes_on_sectionn_id" ON "episodes"  ("sectionn_id")[0m
  [1m[35m (0.2ms)[0m  [1m[35mDROP TABLE IF EXISTS "sectionns" CASCADE[0m
  [1m[35m (3.5ms)[0m  [1m[35mCREATE TABLE "sectionns" ("id" bigserial primary key, "title" character varying, "description" character varying, "course_id" bigint NOT NULL, "created_at" timestamp(6) NOT NULL, "updated_at" timestamp(6) NOT NULL)[0m
  [1m[35m (1.3ms)[0m  [1m[35mCREATE  INDEX  "index_sectionns_on_course_id" ON "sectionns"  ("course_id")[0m
  [1m[35m (3.7ms)[0m  [1m[35mALTER TABLE "episodes" ADD CONSTRAINT "fk_rails_5b29bb7e65"
FOREIGN KEY ("sectionn_id")
  REFERENCES "sectionns" ("id")
[0m
  [1m[35m (1.6ms)[0m  [1m[35mALTER TABLE "sectionns" ADD CONSTRAINT "fk_rails_6d4fe239d3"
FOREIGN KEY ("course_id")
  REFERENCES "courses" ("id")
[0m
  [1m[35m (48.9ms)[0m  [1m[35mCREATE TABLE "schema_migrations" ("version" character varying NOT NULL PRIMARY KEY)[0m
  [1m[35m (0.6ms)[0m  [1m[34mSELECT "schema_migrations"."version" FROM "schema_migrations" ORDER BY "schema_migrations"."version" ASC[0m
  [1m[35m (18.3ms)[0m  [1m[32mINSERT INTO "schema_migrations" (version) VALUES (20201002023926)[0m
  [1m[35m (1.1ms)[0m  [1m[32mINSERT INTO "schema_migrations" (version) VALUES
(20201002023645),
(20201002023845);

[0m
  [1m[35m (43.6ms)[0m  [1m[35mCREATE TABLE "ar_internal_metadata" ("key" character varying NOT NULL PRIMARY KEY, "value" character varying, "created_at" timestamp(6) NOT NULL, "updated_at" timestamp(6) NOT NULL)[0m
  [1m[36mActiveRecord::InternalMetadata Load (0.4ms)[0m  [1m[34mSELECT "ar_internal_metadata".* FROM "ar_internal_metadata" WHERE "ar_internal_metadata"."key" = $1 LIMIT $2[0m  [["key", "environment"], ["LIMIT", 1]]
  [1m[35m (0.3ms)[0m  [1m[35mBEGIN[0m
  [1m[36mActiveRecord::InternalMetadata Create (0.5ms)[0m  [1m[32mINSERT INTO "ar_internal_metadata" ("key", "value", "created_at", "updated_at") VALUES ($1, $2, $3, $4) RETURNING "key"[0m  [["key", "environment"], ["value", "development"], ["created_at", "2020-10-29 15:29:47.488743"], ["updated_at", "2020-10-29 15:29:47.488743"]]
  [1m[35m (23.6ms)[0m  [1m[35mCOMMIT[0m
  [1m[36mActiveRecord::InternalMetadata Load (0.2ms)[0m  [1m[34mSELECT "ar_internal_metadata".* FROM "ar_internal_metadata" WHERE "ar_internal_metadata"."key" = $1 LIMIT $2[0m  [["key", "environment"], ["LIMIT", 1]]
  [1m[36mActiveRecord::InternalMetadata Load (0.3ms)[0m  [1m[34mSELECT "ar_internal_metadata".* FROM "ar_internal_metadata" WHERE "ar_internal_metadata"."key" = $1 LIMIT $2[0m  [["key", "schema_sha1"], ["LIMIT", 1]]
  [1m[35m (0.2ms)[0m  [1m[35mBEGIN[0m
  [1m[36mActiveRecord::InternalMetadata Create (0.3ms)[0m  [1m[32mINSERT INTO "ar_internal_metadata" ("key", "value", "created_at", "updated_at") VALUES ($1, $2, $3, $4) RETURNING "key"[0m  [["key", "schema_sha1"], ["value", "c610c47d4f368c5bceb0e2dda8686b95ae80f874"], ["created_at", "2020-10-29 15:29:47.521708"], ["updated_at", "2020-10-29 15:29:47.521708"]]
  [1m[35m (0.4ms)[0m  [1m[35mCOMMIT[0m
  [1m[36mEpisode Destroy (41.3ms)[0m  [1m[31mDELETE FROM "episodes"[0m
  [1m[36mSectionn Destroy (0.4ms)[0m  [1m[31mDELETE FROM "sectionns"[0m
  [1m[36mCourse Destroy (0.5ms)[0m  [1m[31mDELETE FROM "courses"[0m
  [1m[35m (0.2ms)[0m  [1m[35mBEGIN[0m
  [1m[36mCourse Create (0.8ms)[0m  [1m[32mINSERT INTO "courses" ("title", "description", "created_at", "updated_at") VALUES ($1, $2, $3, $4) RETURNING "id"[0m  [["title", "Hello world"], ["description", "Create a react ap with ruby on rails"], ["created_at", "2020-10-29 15:29:47.613975"], ["updated_at", "2020-10-29 15:29:47.613975"]]
  [1m[35m (13.8ms)[0m  [1m[35mCOMMIT[0m
  [1m[35m (0.2ms)[0m  [1m[35mBEGIN[0m
  [1m[36mSectionn Create (0.9ms)[0m  [1m[32mINSERT INTO "sectionns" ("title", "course_id", "created_at", "updated_at") VALUES ($1, $2, $3, $4) RETURNING "id"[0m  [["title", "Chapter 1"], ["course_id", 1], ["created_at", "2020-10-29 15:29:47.644472"], ["updated_at", "2020-10-29 15:29:47.644472"]]
  [1m[35m (19.8ms)[0m  [1m[35mCOMMIT[0m
  [1m[35m (0.2ms)[0m  [1m[35mBEGIN[0m
  [1m[36mEpisode Create (0.8ms)[0m  [1m[32mINSERT INTO "episodes" ("title", "description", "url", "sectionn_id", "created_at", "updated_at") VALUES ($1, $2, $3, $4, $5, $6) RETURNING "id"[0m  [["title", "1. Setup up new ruby on rails project"], ["description", "Lorem ipusm"], ["url", "https://www.youtube.com/embed/5F_JUvPq410"], ["sectionn_id", 1], ["created_at", "2020-10-29 15:29:47.679350"], ["updated_at", "2020-10-29 15:29:47.679350"]]
  [1m[35m (0.4ms)[0m  [1m[35mCOMMIT[0m
  [1m[35m (0.2ms)[0m  [1m[35mBEGIN[0m
  [1m[36mEpisode Create (0.4ms)[0m  [1m[32mINSERT INTO "episodes" ("title", "description", "url", "sectionn_id", "created_at", "updated_at") VALUES ($1, $2, $3, $4, $5, $6) RETURNING "id"[0m  [["title", "2. Scaffold first medels"], ["description", "Lorem ipusm"], ["url", "https://www.youtube.com/embed/5F_JUvPq410"], ["sectionn_id", 1], ["created_at", "2020-10-29 15:29:47.684885"], ["updated_at", "2020-10-29 15:29:47.684885"]]
  [1m[35m (0.4ms)[0m  [1m[35mCOMMIT[0m
  [1m[35m (0.2ms)[0m  [1m[35mBEGIN[0m
  [1m[36mEpisode Create (0.4ms)[0m  [1m[32mINSERT INTO "episodes" ("title", "description", "url", "sectionn_id", "created_at", "updated_at") VALUES ($1, $2, $3, $4, $5, $6) RETURNING "id"[0m  [["title", "3. Style views"], ["description", "Lorem ipusm"], ["url", "https://www.youtube.com/embed/5F_JUvPq410"], ["sectionn_id", 1], ["created_at", "2020-10-29 15:29:47.690301"], ["updated_at", "2020-10-29 15:29:47.690301"]]
  [1m[35m (0.4ms)[0m  [1m[35mCOMMIT[0m
  [1m[35m (0.2ms)[0m  [1m[35mBEGIN[0m
  [1m[36mEpisode Create (0.4ms)[0m  [1m[32mINSERT INTO "episodes" ("title", "description", "url", "sectionn_id", "created_at", "updated_at") VALUES ($1, $2, $3, $4, $5, $6) RETURNING "id"[0m  [["title", "4. Deploy to heroku"], ["description", "Lorem ipusm"], ["url", "https://www.youtube.com/embed/5F_JUvPq410"], ["sectionn_id", 1], ["created_at", "2020-10-29 15:29:47.695402"], ["updated_at", "2020-10-29 15:29:47.695402"]]
  [1m[35m (0.4ms)[0m  [1m[35mCOMMIT[0m
Started GET "/" for ::1 at 2020-10-29 17:30:08 +0200
  [1m[35m (0.7ms)[0m  [1m[34mSELECT "schema_migrations"."version" FROM "schema_migrations" ORDER BY "schema_migrations"."version" ASC[0m
Processing by PagesController#index as HTML
  Rendering pages/index.html.erb within layouts/application
  Rendered pages/index.html.erb within layouts/application (Duration: 5.4ms | Allocations: 1251)
Completed 200 OK in 22ms (Views: 14.0ms | ActiveRecord: 0.0ms | Allocations: 4323)


Started GET "/episodes.json" for ::1 at 2020-10-29 17:30:09 +0200
Processing by PagesController#episodes as JSON
  [1m[36mCourse Load (0.5ms)[0m  [1m[34mSELECT "courses".* FROM "courses" ORDER BY "courses"."id" ASC LIMIT $1[0m  [["LIMIT", 1]]
  ↳ app/controllers/pages_controller.rb:6:in `episodes'
  [1m[36mEpisode Load (2.4ms)[0m  [1m[34mSELECT "episodes".* FROM "episodes" INNER JOIN "sectionns" ON "episodes"."sectionn_id" = "sectionns"."id" WHERE "sectionns"."course_id" = $1[0m  [["course_id", 1]]
  ↳ app/controllers/pages_controller.rb:8:in `episodes'
Completed 200 OK in 336ms (Views: 92.6ms | ActiveRecord: 53.5ms | Allocations: 17023)


Started GET "/" for ::1 at 2020-10-29 17:30:47 +0200
  [1m[35m (40.6ms)[0m  [1m[34mSELECT "schema_migrations"."version" FROM "schema_migrations" ORDER BY "schema_migrations"."version" ASC[0m
Processing by PagesController#index as HTML
  Rendering pages/index.html.erb within layouts/application
  Rendered pages/index.html.erb within layouts/application (Duration: 5.6ms | Allocations: 1251)
Completed 200 OK in 24ms (Views: 15.3ms | ActiveRecord: 0.0ms | Allocations: 4313)


Started GET "/episodes.json" for ::1 at 2020-10-29 17:30:47 +0200
Processing by PagesController#episodes as JSON
  [1m[36mCourse Load (0.6ms)[0m  [1m[34mSELECT "courses".* FROM "courses" ORDER BY "courses"."id" ASC LIMIT $1[0m  [["LIMIT", 1]]
  ↳ app/controllers/pages_controller.rb:6:in `episodes'
  [1m[36mEpisode Load (3.2ms)[0m  [1m[34mSELECT "episodes".* FROM "episodes" INNER JOIN "sectionns" ON "episodes"."sectionn_id" = "sectionns"."id" WHERE "sectionns"."course_id" = $1[0m  [["course_id", 1]]
  ↳ app/controllers/pages_controller.rb:8:in `episodes'
Completed 200 OK in 414ms (Views: 70.5ms | ActiveRecord: 210.9ms | Allocations: 17022)


  [1m[36mEpisode Load (0.5ms)[0m  [1m[34mSELECT "episodes".* FROM "episodes" LIMIT $1[0m  [["LIMIT", 11]]
  [1m[36mEpisode Load (0.4ms)[0m  [1m[34mSELECT "episodes".* FROM "episodes" ORDER BY "episodes"."id" ASC LIMIT $1[0m  [["LIMIT", 1]]
  [1m[36mEpisode Load (0.4ms)[0m  [1m[34mSELECT "episodes".* FROM "episodes" ORDER BY "episodes"."id" DESC LIMIT $1[0m  [["LIMIT", 1]]
Started GET "/" for ::1 at 2020-10-29 17:34:49 +0200
  [1m[35m (40.9ms)[0m  [1m[34mSELECT "schema_migrations"."version" FROM "schema_migrations" ORDER BY "schema_migrations"."version" ASC[0m
Processing by PagesController#index as HTML
  Rendering pages/index.html.erb within layouts/application
  Rendered pages/index.html.erb within layouts/application (Duration: 13.5ms | Allocations: 1251)
Completed 200 OK in 43ms (Views: 31.5ms | ActiveRecord: 0.0ms | Allocations: 4327)


Started GET "/episodes.json" for ::1 at 2020-10-29 17:34:51 +0200
Processing by PagesController#episodes as JSON
  [1m[36mCourse Load (4.0ms)[0m  [1m[34mSELECT "courses".* FROM "courses" ORDER BY "courses"."id" ASC LIMIT $1[0m  [["LIMIT", 1]]
  ↳ app/controllers/pages_controller.rb:6:in `episodes'
  [1m[36mEpisode Load (1.4ms)[0m  [1m[34mSELECT "episodes".* FROM "episodes" INNER JOIN "sectionns" ON "episodes"."sectionn_id" = "sectionns"."id" WHERE "sectionns"."course_id" = $1[0m  [["course_id", 1]]
  ↳ app/controllers/pages_controller.rb:8:in `episodes'
Completed 200 OK in 409ms (Views: 26.9ms | ActiveRecord: 142.8ms | Allocations: 17007)


Started GET "/" for ::1 at 2020-10-29 17:34:58 +0200
Processing by PagesController#index as HTML
  Rendering pages/index.html.erb within layouts/application
  Rendered pages/index.html.erb within layouts/application (Duration: 3.4ms | Allocations: 1034)
Completed 200 OK in 10ms (Views: 8.5ms | ActiveRecord: 0.0ms | Allocations: 2440)


Started GET "/episodes.json" for ::1 at 2020-10-29 17:34:59 +0200
Processing by PagesController#episodes as JSON
  [1m[36mCourse Load (30.2ms)[0m  [1m[34mSELECT "courses".* FROM "courses" ORDER BY "courses"."id" ASC LIMIT $1[0m  [["LIMIT", 1]]
  ↳ app/controllers/pages_controller.rb:6:in `episodes'
  [1m[36mEpisode Load (56.7ms)[0m  [1m[34mSELECT "episodes".* FROM "episodes" INNER JOIN "sectionns" ON "episodes"."sectionn_id" = "sectionns"."id" WHERE "sectionns"."course_id" = $1[0m  [["course_id", 1]]
  ↳ app/controllers/pages_controller.rb:8:in `episodes'
Completed 200 OK in 98ms (Views: 4.4ms | ActiveRecord: 86.9ms | Allocations: 2611)


Started GET "/" for ::1 at 2020-10-29 17:35:05 +0200
Processing by PagesController#index as HTML
  Rendering pages/index.html.erb within layouts/application
  Rendered pages/index.html.erb within layouts/application (Duration: 3.5ms | Allocations: 1036)
Completed 200 OK in 11ms (Views: 10.3ms | ActiveRecord: 0.0ms | Allocations: 2447)


Started GET "/episodes.json" for ::1 at 2020-10-29 17:35:05 +0200
Processing by PagesController#episodes as JSON
  [1m[36mCourse Load (0.6ms)[0m  [1m[34mSELECT "courses".* FROM "courses" ORDER BY "courses"."id" ASC LIMIT $1[0m  [["LIMIT", 1]]
  ↳ app/controllers/pages_controller.rb:6:in `episodes'
  [1m[36mEpisode Load (0.8ms)[0m  [1m[34mSELECT "episodes".* FROM "episodes" INNER JOIN "sectionns" ON "episodes"."sectionn_id" = "sectionns"."id" WHERE "sectionns"."course_id" = $1[0m  [["course_id", 1]]
  ↳ app/controllers/pages_controller.rb:8:in `episodes'
Completed 200 OK in 10ms (Views: 4.2ms | ActiveRecord: 1.4ms | Allocations: 2613)


Started GET "/" for ::1 at 2020-10-29 17:35:13 +0200
Processing by PagesController#index as HTML
  Rendering pages/index.html.erb within layouts/application
  Rendered pages/index.html.erb within layouts/application (Duration: 3.0ms | Allocations: 1035)
Completed 200 OK in 8ms (Views: 7.4ms | ActiveRecord: 0.0ms | Allocations: 2439)


Started GET "/episodes.json" for ::1 at 2020-10-29 17:35:13 +0200
Processing by PagesController#episodes as JSON
  [1m[36mCourse Load (16.9ms)[0m  [1m[34mSELECT "courses".* FROM "courses" ORDER BY "courses"."id" ASC LIMIT $1[0m  [["LIMIT", 1]]
  ↳ app/controllers/pages_controller.rb:6:in `episodes'
  [1m[36mEpisode Load (0.6ms)[0m  [1m[34mSELECT "episodes".* FROM "episodes" INNER JOIN "sectionns" ON "episodes"."sectionn_id" = "sectionns"."id" WHERE "sectionns"."course_id" = $1[0m  [["course_id", 1]]
  ↳ app/controllers/pages_controller.rb:8:in `episodes'
Completed 200 OK in 25ms (Views: 4.3ms | ActiveRecord: 17.5ms | Allocations: 2611)


Started GET "/" for ::1 at 2020-10-29 17:35:21 +0200
Processing by PagesController#index as HTML
  Rendering pages/index.html.erb within layouts/application
  Rendered pages/index.html.erb within layouts/application (Duration: 3.7ms | Allocations: 1035)
Completed 200 OK in 11ms (Views: 10.1ms | ActiveRecord: 0.0ms | Allocations: 2431)


Started GET "/episodes.json" for ::1 at 2020-10-29 17:35:21 +0200
Processing by PagesController#episodes as JSON
  [1m[36mCourse Load (0.5ms)[0m  [1m[34mSELECT "courses".* FROM "courses" ORDER BY "courses"."id" ASC LIMIT $1[0m  [["LIMIT", 1]]
  ↳ app/controllers/pages_controller.rb:6:in `episodes'
  [1m[36mEpisode Load (1.1ms)[0m  [1m[34mSELECT "episodes".* FROM "episodes" INNER JOIN "sectionns" ON "episodes"."sectionn_id" = "sectionns"."id" WHERE "sectionns"."course_id" = $1[0m  [["course_id", 1]]
  ↳ app/controllers/pages_controller.rb:8:in `episodes'
Completed 200 OK in 10ms (Views: 5.1ms | ActiveRecord: 1.6ms | Allocations: 2597)


Started GET "/" for ::1 at 2020-10-29 17:35:28 +0200
Processing by PagesController#index as HTML
  Rendering pages/index.html.erb within layouts/application
  Rendered pages/index.html.erb within layouts/application (Duration: 2.8ms | Allocations: 1034)
Completed 200 OK in 7ms (Views: 6.3ms | ActiveRecord: 0.0ms | Allocations: 2442)


Started GET "/episodes.json" for ::1 at 2020-10-29 17:35:29 +0200
Processing by PagesController#episodes as JSON
  [1m[36mCourse Load (16.6ms)[0m  [1m[34mSELECT "courses".* FROM "courses" ORDER BY "courses"."id" ASC LIMIT $1[0m  [["LIMIT", 1]]
  ↳ app/controllers/pages_controller.rb:6:in `episodes'
  [1m[36mEpisode Load (24.8ms)[0m  [1m[34mSELECT "episodes".* FROM "episodes" INNER JOIN "sectionns" ON "episodes"."sectionn_id" = "sectionns"."id" WHERE "sectionns"."course_id" = $1[0m  [["course_id", 1]]
  ↳ app/controllers/pages_controller.rb:8:in `episodes'
Completed 200 OK in 53ms (Views: 6.6ms | ActiveRecord: 41.3ms | Allocations: 2605)


Started GET "/" for ::1 at 2020-10-29 17:35:41 +0200
Processing by PagesController#index as HTML
  Rendering pages/index.html.erb within layouts/application
  Rendered pages/index.html.erb within layouts/application (Duration: 4.5ms | Allocations: 1034)
Completed 200 OK in 9ms (Views: 8.5ms | ActiveRecord: 0.0ms | Allocations: 2436)


Started GET "/episodes.json" for ::1 at 2020-10-29 17:35:42 +0200
Processing by PagesController#episodes as JSON
  [1m[36mCourse Load (0.4ms)[0m  [1m[34mSELECT "courses".* FROM "courses" ORDER BY "courses"."id" ASC LIMIT $1[0m  [["LIMIT", 1]]
  ↳ app/controllers/pages_controller.rb:6:in `episodes'
  [1m[36mEpisode Load (11.2ms)[0m  [1m[34mSELECT "episodes".* FROM "episodes" INNER JOIN "sectionns" ON "episodes"."sectionn_id" = "sectionns"."id" WHERE "sectionns"."course_id" = $1[0m  [["course_id", 1]]
  ↳ app/controllers/pages_controller.rb:8:in `episodes'
Completed 200 OK in 20ms (Views: 5.1ms | ActiveRecord: 11.6ms | Allocations: 2599)


Started GET "/" for ::1 at 2020-10-29 17:35:47 +0200
Processing by PagesController#index as HTML
  Rendering pages/index.html.erb within layouts/application
  Rendered pages/index.html.erb within layouts/application (Duration: 3.4ms | Allocations: 1035)
Completed 200 OK in 10ms (Views: 8.6ms | ActiveRecord: 0.0ms | Allocations: 2436)


Started GET "/episodes.json" for ::1 at 2020-10-29 17:35:48 +0200
Processing by PagesController#episodes as JSON
  [1m[36mCourse Load (10.1ms)[0m  [1m[34mSELECT "courses".* FROM "courses" ORDER BY "courses"."id" ASC LIMIT $1[0m  [["LIMIT", 1]]
  ↳ app/controllers/pages_controller.rb:6:in `episodes'
  [1m[36mEpisode Load (4.3ms)[0m  [1m[34mSELECT "episodes".* FROM "episodes" INNER JOIN "sectionns" ON "episodes"."sectionn_id" = "sectionns"."id" WHERE "sectionns"."course_id" = $1[0m  [["course_id", 1]]
  ↳ app/controllers/pages_controller.rb:8:in `episodes'
Completed 200 OK in 25ms (Views: 7.1ms | ActiveRecord: 14.4ms | Allocations: 2596)


Started GET "/" for ::1 at 2020-10-29 17:39:37 +0200
  [1m[35m (1.1ms)[0m  [1m[34mSELECT "schema_migrations"."version" FROM "schema_migrations" ORDER BY "schema_migrations"."version" ASC[0m
Processing by PagesController#index as HTML
  Rendering pages/index.html.erb within layouts/application
  Rendered pages/index.html.erb within layouts/application (Duration: 5.4ms | Allocations: 1251)
Completed 200 OK in 22ms (Views: 13.8ms | ActiveRecord: 0.0ms | Allocations: 4321)


Started GET "/episodes.json" for ::1 at 2020-10-29 17:39:38 +0200
Processing by PagesController#episodes as JSON
  [1m[36mCourse Load (2.4ms)[0m  [1m[34mSELECT "courses".* FROM "courses" ORDER BY "courses"."id" ASC LIMIT $1[0m  [["LIMIT", 1]]
  ↳ app/controllers/pages_controller.rb:6:in `episodes'
  [1m[36mEpisode Load (34.4ms)[0m  [1m[34mSELECT "episodes".* FROM "episodes" INNER JOIN "sectionns" ON "episodes"."sectionn_id" = "sectionns"."id" WHERE "sectionns"."course_id" = $1[0m  [["course_id", 1]]
  ↳ app/controllers/pages_controller.rb:8:in `episodes'
Completed 200 OK in 543ms (Views: 25.9ms | ActiveRecord: 214.7ms | Allocations: 17107)


